2023-04-16 01:48:45.916  INFO 29092 --- [restartedMain] com.example.uet_tty.UetTtyApplication    : Starting UetTtyApplication using Java 18.0.2 on HuyPC with PID 29092 (D:\UET\BTL_CNPM\UET_TTY\target\classes started by huyng in D:\UET\BTL_CNPM\UET_TTY)
2023-04-16 01:48:45.924  INFO 29092 --- [restartedMain] com.example.uet_tty.UetTtyApplication    : No active profile set, falling back to 1 default profile: "default"
2023-04-16 01:48:46.028  INFO 29092 --- [restartedMain] .e.DevToolsPropertyDefaultsPostProcessor : Devtools property defaults active! Set 'spring.devtools.add-properties' to 'false' to disable
2023-04-16 01:48:46.029  INFO 29092 --- [restartedMain] .e.DevToolsPropertyDefaultsPostProcessor : For additional web related logging consider setting the 'logging.level.web' property to 'DEBUG'
2023-04-16 01:48:47.228  INFO 29092 --- [restartedMain] .s.d.r.c.RepositoryConfigurationDelegate : Bootstrapping Spring Data JPA repositories in DEFAULT mode.
2023-04-16 01:48:47.257  INFO 29092 --- [restartedMain] .s.d.r.c.RepositoryConfigurationDelegate : Finished Spring Data repository scanning in 10 ms. Found 0 JPA repository interfaces.
2023-04-16 01:48:48.468  INFO 29092 --- [restartedMain] o.s.b.w.embedded.tomcat.TomcatWebServer  : Tomcat initialized with port(s): 8800 (http)
2023-04-16 01:48:48.486  INFO 29092 --- [restartedMain] o.apache.catalina.core.StandardService   : Starting service [Tomcat]
2023-04-16 01:48:48.487  INFO 29092 --- [restartedMain] org.apache.catalina.core.StandardEngine  : Starting Servlet engine: [Apache Tomcat/9.0.73]
2023-04-16 01:48:48.630  INFO 29092 --- [restartedMain] o.a.c.c.C.[.[localhost].[/uet_tty]       : Initializing Spring embedded WebApplicationContext
2023-04-16 01:48:48.632  INFO 29092 --- [restartedMain] w.s.c.ServletWebServerApplicationContext : Root WebApplicationContext: initialization completed in 2601 ms
2023-04-16 01:48:48.915  INFO 29092 --- [restartedMain] com.zaxxer.hikari.HikariDataSource       : HikariPool-1 - Starting...
2023-04-16 01:48:49.593  INFO 29092 --- [restartedMain] com.zaxxer.hikari.HikariDataSource       : HikariPool-1 - Start completed.
2023-04-16 01:48:49.682  INFO 29092 --- [restartedMain] o.hibernate.jpa.internal.util.LogHelper  : HHH000204: Processing PersistenceUnitInfo [name: default]
2023-04-16 01:48:49.815  INFO 29092 --- [restartedMain] org.hibernate.Version                    : HHH000412: Hibernate ORM core version 5.6.15.Final
2023-04-16 01:48:50.176  INFO 29092 --- [restartedMain] o.hibernate.annotations.common.Version   : HCANN000001: Hibernate Commons Annotations {5.1.2.Final}
2023-04-16 01:48:50.413  INFO 29092 --- [restartedMain] org.hibernate.dialect.Dialect            : HHH000400: Using dialect: org.hibernate.dialect.MySQL8Dialect
2023-04-16 01:48:51.642  INFO 29092 --- [restartedMain] o.h.e.t.j.p.i.JtaPlatformInitiator       : HHH000490: Using JtaPlatform implementation: [org.hibernate.engine.transaction.jta.platform.internal.NoJtaPlatform]
2023-04-16 01:48:51.662  INFO 29092 --- [restartedMain] j.LocalContainerEntityManagerFactoryBean : Initialized JPA EntityManagerFactory for persistence unit 'default'
2023-04-16 01:48:51.755  WARN 29092 --- [restartedMain] JpaBaseConfiguration$JpaWebConfiguration : spring.jpa.open-in-view is enabled by default. Therefore, database queries may be performed during view rendering. Explicitly configure spring.jpa.open-in-view to disable this warning
2023-04-16 01:48:52.263  WARN 29092 --- [restartedMain] ion$DefaultTemplateResolverConfiguration : Cannot find template location: classpath:/templates/ (please add some templates, check your Thymeleaf configuration, or set spring.thymeleaf.check-template-location=false)
2023-04-16 01:48:52.449  INFO 29092 --- [restartedMain] o.s.b.d.a.OptionalLiveReloadServer       : LiveReload server is running on port 35729
2023-04-16 01:48:52.535  INFO 29092 --- [restartedMain] o.s.b.w.embedded.tomcat.TomcatWebServer  : Tomcat started on port(s): 8800 (http) with context path '/uet_tty'
2023-04-16 01:48:52.559  INFO 29092 --- [restartedMain] com.example.uet_tty.UetTtyApplication    : Started UetTtyApplication in 7.382 seconds (JVM running for 8.75)
2023-04-16 01:49:24.258  INFO 29092 --- [http-nio-8800-exec-4] o.a.c.c.C.[.[localhost].[/uet_tty]       : Initializing Spring DispatcherServlet 'dispatcherServlet'
2023-04-16 01:49:24.258  INFO 29092 --- [http-nio-8800-exec-4] o.s.web.servlet.DispatcherServlet        : Initializing Servlet 'dispatcherServlet'
2023-04-16 01:49:24.261  INFO 29092 --- [http-nio-8800-exec-4] o.s.web.servlet.DispatcherServlet        : Completed initialization in 2 ms
2023-04-16 01:59:42.727  INFO 29092 --- [SpringApplicationShutdownHook] j.LocalContainerEntityManagerFactoryBean : Closing JPA EntityManagerFactory for persistence unit 'default'
2023-04-16 01:59:42.732  INFO 29092 --- [SpringApplicationShutdownHook] com.zaxxer.hikari.HikariDataSource       : HikariPool-1 - Shutdown initiated...
2023-04-16 01:59:42.739  INFO 29092 --- [SpringApplicationShutdownHook] com.zaxxer.hikari.HikariDataSource       : HikariPool-1 - Shutdown completed.
2023-04-16 01:59:48.384  INFO 2868 --- [restartedMain] com.example.uet_tty.UetTtyApplication    : Starting UetTtyApplication using Java 18.0.2 on HuyPC with PID 2868 (D:\UET\BTL_CNPM\UET_TTY\target\classes started by huyng in D:\UET\BTL_CNPM\UET_TTY)
2023-04-16 01:59:48.386  INFO 2868 --- [restartedMain] com.example.uet_tty.UetTtyApplication    : No active profile set, falling back to 1 default profile: "default"
2023-04-16 01:59:48.432  INFO 2868 --- [restartedMain] .e.DevToolsPropertyDefaultsPostProcessor : Devtools property defaults active! Set 'spring.devtools.add-properties' to 'false' to disable
2023-04-16 01:59:48.433  INFO 2868 --- [restartedMain] .e.DevToolsPropertyDefaultsPostProcessor : For additional web related logging consider setting the 'logging.level.web' property to 'DEBUG'
2023-04-16 01:59:48.985  INFO 2868 --- [restartedMain] .s.d.r.c.RepositoryConfigurationDelegate : Bootstrapping Spring Data JPA repositories in DEFAULT mode.
2023-04-16 01:59:48.997  INFO 2868 --- [restartedMain] .s.d.r.c.RepositoryConfigurationDelegate : Finished Spring Data repository scanning in 4 ms. Found 0 JPA repository interfaces.
2023-04-16 01:59:49.541  INFO 2868 --- [restartedMain] o.s.b.w.embedded.tomcat.TomcatWebServer  : Tomcat initialized with port(s): 8800 (http)
2023-04-16 01:59:49.549  INFO 2868 --- [restartedMain] o.apache.catalina.core.StandardService   : Starting service [Tomcat]
2023-04-16 01:59:49.550  INFO 2868 --- [restartedMain] org.apache.catalina.core.StandardEngine  : Starting Servlet engine: [Apache Tomcat/9.0.73]
2023-04-16 01:59:49.608  INFO 2868 --- [restartedMain] o.a.c.c.C.[.[localhost].[/uet_tty]       : Initializing Spring embedded WebApplicationContext
2023-04-16 01:59:49.608  INFO 2868 --- [restartedMain] w.s.c.ServletWebServerApplicationContext : Root WebApplicationContext: initialization completed in 1174 ms
2023-04-16 01:59:49.733  INFO 2868 --- [restartedMain] com.zaxxer.hikari.HikariDataSource       : HikariPool-1 - Starting...
2023-04-16 01:59:50.001  INFO 2868 --- [restartedMain] com.zaxxer.hikari.HikariDataSource       : HikariPool-1 - Start completed.
2023-04-16 01:59:50.034  INFO 2868 --- [restartedMain] o.hibernate.jpa.internal.util.LogHelper  : HHH000204: Processing PersistenceUnitInfo [name: default]
2023-04-16 01:59:50.070  INFO 2868 --- [restartedMain] org.hibernate.Version                    : HHH000412: Hibernate ORM core version 5.6.15.Final
2023-04-16 01:59:50.223  INFO 2868 --- [restartedMain] o.hibernate.annotations.common.Version   : HCANN000001: Hibernate Commons Annotations {5.1.2.Final}
2023-04-16 01:59:50.307  INFO 2868 --- [restartedMain] org.hibernate.dialect.Dialect            : HHH000400: Using dialect: org.hibernate.dialect.MySQL8Dialect
2023-04-16 01:59:50.801  INFO 2868 --- [restartedMain] o.h.e.t.j.p.i.JtaPlatformInitiator       : HHH000490: Using JtaPlatform implementation: [org.hibernate.engine.transaction.jta.platform.internal.NoJtaPlatform]
2023-04-16 01:59:50.811  INFO 2868 --- [restartedMain] j.LocalContainerEntityManagerFactoryBean : Initialized JPA EntityManagerFactory for persistence unit 'default'
2023-04-16 01:59:50.859  WARN 2868 --- [restartedMain] JpaBaseConfiguration$JpaWebConfiguration : spring.jpa.open-in-view is enabled by default. Therefore, database queries may be performed during view rendering. Explicitly configure spring.jpa.open-in-view to disable this warning
2023-04-16 01:59:51.067  WARN 2868 --- [restartedMain] ion$DefaultTemplateResolverConfiguration : Cannot find template location: classpath:/templates/ (please add some templates, check your Thymeleaf configuration, or set spring.thymeleaf.check-template-location=false)
2023-04-16 01:59:51.131  INFO 2868 --- [restartedMain] o.s.b.d.a.OptionalLiveReloadServer       : LiveReload server is running on port 35729
2023-04-16 01:59:51.171  INFO 2868 --- [restartedMain] o.s.b.w.embedded.tomcat.TomcatWebServer  : Tomcat started on port(s): 8800 (http) with context path '/uet_tty'
2023-04-16 01:59:51.179  INFO 2868 --- [restartedMain] com.example.uet_tty.UetTtyApplication    : Started UetTtyApplication in 3.129 seconds (JVM running for 3.891)
2023-04-16 02:02:44.824  INFO 2868 --- [SpringApplicationShutdownHook] j.LocalContainerEntityManagerFactoryBean : Closing JPA EntityManagerFactory for persistence unit 'default'
2023-04-16 02:02:44.826  INFO 2868 --- [SpringApplicationShutdownHook] com.zaxxer.hikari.HikariDataSource       : HikariPool-1 - Shutdown initiated...
2023-04-16 02:02:44.838  INFO 2868 --- [SpringApplicationShutdownHook] com.zaxxer.hikari.HikariDataSource       : HikariPool-1 - Shutdown completed.
2023-04-16 02:02:46.950  INFO 9012 --- [restartedMain] com.example.uet_tty.UetTtyApplication    : Starting UetTtyApplication using Java 18.0.2 on HuyPC with PID 9012 (D:\UET\BTL_CNPM\UET_TTY\target\classes started by huyng in D:\UET\BTL_CNPM\UET_TTY)
2023-04-16 02:02:46.953  INFO 9012 --- [restartedMain] com.example.uet_tty.UetTtyApplication    : No active profile set, falling back to 1 default profile: "default"
2023-04-16 02:02:46.992  INFO 9012 --- [restartedMain] .e.DevToolsPropertyDefaultsPostProcessor : Devtools property defaults active! Set 'spring.devtools.add-properties' to 'false' to disable
2023-04-16 02:02:46.993  INFO 9012 --- [restartedMain] .e.DevToolsPropertyDefaultsPostProcessor : For additional web related logging consider setting the 'logging.level.web' property to 'DEBUG'
2023-04-16 02:02:47.412  INFO 9012 --- [restartedMain] .s.d.r.c.RepositoryConfigurationDelegate : Bootstrapping Spring Data JPA repositories in DEFAULT mode.
2023-04-16 02:02:47.423  INFO 9012 --- [restartedMain] .s.d.r.c.RepositoryConfigurationDelegate : Finished Spring Data repository scanning in 4 ms. Found 0 JPA repository interfaces.
2023-04-16 02:02:47.998  INFO 9012 --- [restartedMain] o.s.b.w.embedded.tomcat.TomcatWebServer  : Tomcat initialized with port(s): 8800 (http)
2023-04-16 02:02:48.007  INFO 9012 --- [restartedMain] o.apache.catalina.core.StandardService   : Starting service [Tomcat]
2023-04-16 02:02:48.008  INFO 9012 --- [restartedMain] org.apache.catalina.core.StandardEngine  : Starting Servlet engine: [Apache Tomcat/9.0.73]
2023-04-16 02:02:48.076  INFO 9012 --- [restartedMain] o.a.c.c.C.[.[localhost].[/uet_tty]       : Initializing Spring embedded WebApplicationContext
2023-04-16 02:02:48.076  INFO 9012 --- [restartedMain] w.s.c.ServletWebServerApplicationContext : Root WebApplicationContext: initialization completed in 1083 ms
2023-04-16 02:02:48.192  INFO 9012 --- [restartedMain] com.zaxxer.hikari.HikariDataSource       : HikariPool-1 - Starting...
2023-04-16 02:02:48.472  INFO 9012 --- [restartedMain] com.zaxxer.hikari.HikariDataSource       : HikariPool-1 - Start completed.
2023-04-16 02:02:48.533  INFO 9012 --- [restartedMain] o.hibernate.jpa.internal.util.LogHelper  : HHH000204: Processing PersistenceUnitInfo [name: default]
2023-04-16 02:02:48.599  INFO 9012 --- [restartedMain] org.hibernate.Version                    : HHH000412: Hibernate ORM core version 5.6.15.Final
2023-04-16 02:02:48.781  INFO 9012 --- [restartedMain] o.hibernate.annotations.common.Version   : HCANN000001: Hibernate Commons Annotations {5.1.2.Final}
2023-04-16 02:02:48.893  INFO 9012 --- [restartedMain] org.hibernate.dialect.Dialect            : HHH000400: Using dialect: org.hibernate.dialect.MySQL8Dialect
2023-04-16 02:02:49.418  INFO 9012 --- [restartedMain] o.h.e.t.j.p.i.JtaPlatformInitiator       : HHH000490: Using JtaPlatform implementation: [org.hibernate.engine.transaction.jta.platform.internal.NoJtaPlatform]
2023-04-16 02:02:49.426  INFO 9012 --- [restartedMain] j.LocalContainerEntityManagerFactoryBean : Initialized JPA EntityManagerFactory for persistence unit 'default'
2023-04-16 02:02:49.456  WARN 9012 --- [restartedMain] JpaBaseConfiguration$JpaWebConfiguration : spring.jpa.open-in-view is enabled by default. Therefore, database queries may be performed during view rendering. Explicitly configure spring.jpa.open-in-view to disable this warning
2023-04-16 02:02:49.656  WARN 9012 --- [restartedMain] ion$DefaultTemplateResolverConfiguration : Cannot find template location: classpath:/templates/ (please add some templates, check your Thymeleaf configuration, or set spring.thymeleaf.check-template-location=false)
2023-04-16 02:02:49.737  INFO 9012 --- [restartedMain] o.s.b.d.a.OptionalLiveReloadServer       : LiveReload server is running on port 35729
2023-04-16 02:02:49.767  INFO 9012 --- [restartedMain] o.s.b.w.embedded.tomcat.TomcatWebServer  : Tomcat started on port(s): 8800 (http) with context path '/uet_tty'
2023-04-16 02:02:49.776  INFO 9012 --- [restartedMain] com.example.uet_tty.UetTtyApplication    : Started UetTtyApplication in 3.152 seconds (JVM running for 3.848)
